<?xml version="1.0" encoding="UTF-8"?>
<!-- Generated by org.testng.reporters.JUnitXMLReporter -->
<testsuite ignored="0" hostname="arun" failures="1" tests="23" name="Test" time="125.569" errors="0" timestamp="2024-12-20T16:58:39 IST">
  <testcase classname="tests.SignupTest" name="testSignupButtonVisible" time="0.127"/>
  <testcase classname="tests.SignupTest" name="testSignupButtonClickable" time="0.046"/>
  <testcase classname="tests.SignupTest" name="testSignupButtonClick" time="0.946"/>
  <testcase classname="tests.LoginTest" name="testLoginSubmitButtonVisible" time="0.123"/>
  <testcase classname="tests.LoginTest" name="testLoginSubmitButtonClickable" time="0.125"/>
  <testcase classname="tests.LoginTest" name="testInvalidLogin" time="11.296"/>
  <testcase classname="tests.LoginTest" name="testValidLogin" time="4.104"/>
  <testcase classname="tests.ContactAdditionTest" name="testAddContactButtonVisibility" time="0.133"/>
  <testcase classname="tests.ContactAdditionTest" name="testAddContactWithAllDetails" time="21.248"/>
  <testcase classname="tests.ContactAdditionTest" name="testAddContactWithRequiredDetails" time="6.911"/>
  <testcase classname="tests.ContactAdditionTest" name="testInvalidDateOfBirth" time="9.293"/>
  <testcase classname="tests.ContactDisplayTest" name="testContactDetailsDisplayedCorrectly" time="0.931"/>
  <testcase classname="tests.ContactDisplayTest" name="testContactsAlphabeticalOrderByLastName" time="0.749"/>
  <testcase classname="tests.ContactDisplayTest" name="testPhoneNumberWithExtensions" time="0.937">
    <failure type="java.lang.AssertionError" message="Phone number does not have the correct extension: tom.doe@example.com expected [true] but found [false]">
      <![CDATA[java.lang.AssertionError: Phone number does not have the correct extension: tom.doe@example.com expected [true] but found [false]
at tests.ContactDisplayTest.testPhoneNumberWithExtensions(ContactDisplayTest.java:80)
at java.base/java.util.ArrayList.forEach(ArrayList.java:1596)
... Removed 28 stack frames]]>
    </failure>
  </testcase> <!-- testPhoneNumberWithExtensions -->
  <testcase classname="tests.ContactEditingTest" name="testPageRedirectsOnContactClick" time="2.392"/>
  <testcase classname="tests.ContactEditingTest" name="testEditExistingContactDetails" time="9.811"/>
  <testcase classname="tests.ContactEditingTest" name="testUneditedFieldsAreUnaffected" time="11.066"/>
  <testcase classname="tests.ContactEditingTest" name="testSavingEmptyFields" time="14.538"/>
  <testcase classname="tests.ContactDeletionTest" name="testDeleteContactPopsUpAlert" time="7.599"/>
  <testcase classname="tests.ContactDeletionTest" name="testDeleteSingleContact" time="5.655"/>
  <testcase classname="tests.ContactDeletionTest" name="testDeletionDoesNotAffectOtherContacts" time="6.515"/>
  <testcase classname="tests.LogoutTest" name="testLogoutButtonVisible" time="0.16"/>
  <testcase classname="tests.LogoutTest" name="testLogoutRedirectsToLoginPage" time="2.51"/>
</testsuite> <!-- Test -->
